[debug] [2023-07-10T16:13:39.591Z] ----------------------------------------------------------------------
[debug] [2023-07-10T16:13:39.592Z] Command:       C:\Program Files\nodejs\node.exe C:\Users\David Moller\AppData\Roaming\npm\node_modules\firebase-tools\lib\bin\firebase.js deploy
[debug] [2023-07-10T16:13:39.593Z] CLI Version:   12.4.2
[debug] [2023-07-10T16:13:39.593Z] Platform:      win32
[debug] [2023-07-10T16:13:39.593Z] Node Version:  v18.15.0
[debug] [2023-07-10T16:13:39.594Z] Time:          Mon Jul 10 2023 11:13:39 GMT-0500 (Colombia Standard Time)
[debug] [2023-07-10T16:13:39.594Z] ----------------------------------------------------------------------
[debug] 
[debug] [2023-07-10T16:13:39.666Z] > command requires scopes: ["email","openid","https://www.googleapis.com/auth/cloudplatformprojects.readonly","https://www.googleapis.com/auth/firebase","https://www.googleapis.com/auth/cloud-platform"]
[debug] [2023-07-10T16:13:39.667Z] > authorizing via signed-in user (davidmollerb@gmail.com)
[debug] [2023-07-10T16:13:39.667Z] [iam] checking project clone-edd5b for permissions ["firebase.projects.get","firebasehosting.sites.update"]
[debug] [2023-07-10T16:13:39.669Z] >>> [apiv2][query] POST https://cloudresourcemanager.googleapis.com/v1/projects/clone-edd5b:testIamPermissions [none]
[debug] [2023-07-10T16:13:39.669Z] >>> [apiv2][(partial)header] POST https://cloudresourcemanager.googleapis.com/v1/projects/clone-edd5b:testIamPermissions x-goog-quota-user=projects/clone-edd5b
[debug] [2023-07-10T16:13:39.670Z] >>> [apiv2][body] POST https://cloudresourcemanager.googleapis.com/v1/projects/clone-edd5b:testIamPermissions {"permissions":["firebase.projects.get","firebasehosting.sites.update"]}
[debug] [2023-07-10T16:13:40.335Z] <<< [apiv2][status] POST https://cloudresourcemanager.googleapis.com/v1/projects/clone-edd5b:testIamPermissions 200
[debug] [2023-07-10T16:13:40.335Z] <<< [apiv2][body] POST https://cloudresourcemanager.googleapis.com/v1/projects/clone-edd5b:testIamPermissions {"permissions":["firebase.projects.get","firebasehosting.sites.update"]}
[debug] [2023-07-10T16:13:40.336Z] >>> [apiv2][query] GET https://firebase.googleapis.com/v1beta1/projects/clone-edd5b [none]
[debug] [2023-07-10T16:13:40.654Z] <<< [apiv2][status] GET https://firebase.googleapis.com/v1beta1/projects/clone-edd5b 200
[debug] [2023-07-10T16:13:40.655Z] <<< [apiv2][body] GET https://firebase.googleapis.com/v1beta1/projects/clone-edd5b {"projectId":"clone-edd5b","projectNumber":"859944783103","displayName":"gmail-clone","name":"projects/clone-edd5b","resources":{"hostingSite":"clone-edd5b"},"state":"ACTIVE","etag":"1_08257fd6-74c8-4737-ad3e-0cd7babf98ff"}
[info] 
[info] === Deploying to 'clone-edd5b'...
[info] 
[info] i  deploying hosting 
[debug] [2023-07-10T16:13:40.661Z] >>> [apiv2][query] POST https://firebasehosting.googleapis.com/v1beta1/projects/-/sites/clone-edd5b/versions [none]
[debug] [2023-07-10T16:13:40.661Z] >>> [apiv2][body] POST https://firebasehosting.googleapis.com/v1beta1/projects/-/sites/clone-edd5b/versions {"status":"CREATED","labels":{"deployment-tool":"cli-firebase"}}
[debug] [2023-07-10T16:13:41.888Z] <<< [apiv2][status] POST https://firebasehosting.googleapis.com/v1beta1/projects/-/sites/clone-edd5b/versions 200
[debug] [2023-07-10T16:13:41.888Z] <<< [apiv2][body] POST https://firebasehosting.googleapis.com/v1beta1/projects/-/sites/clone-edd5b/versions {"name":"projects/859944783103/sites/clone-edd5b/versions/4702a52e33eaef71","status":"CREATED","config":{},"labels":{"deployment-tool":"cli-firebase"}}
[info] i  hosting[clone-edd5b]: beginning deploy... 
[info] i  hosting[clone-edd5b]: found 14 files in build 
[debug] [2023-07-10T16:13:41.897Z] [hosting] uploading with 200 concurrency
[debug] [2023-07-10T16:13:41.898Z] [hosting] hash cache [YnVpbGQ] not populated
[debug] [2023-07-10T16:13:42.409Z] [hosting] hash cache [YnVpbGQ] stored for 14 files
[debug] [2023-07-10T16:13:42.410Z] [hosting][hash queue][FINAL] {"max":506,"min":6,"avg":46.142857142857146,"active":0,"complete":14,"success":14,"errored":0,"retried":0,"total":14,"elapsed":512}
[debug] [2023-07-10T16:13:42.410Z] >>> [apiv2][query] POST https://firebasehosting.googleapis.com/v1beta1/projects/859944783103/sites/clone-edd5b/versions/4702a52e33eaef71:populateFiles [none]
[debug] [2023-07-10T16:13:42.410Z] >>> [apiv2][body] POST https://firebasehosting.googleapis.com/v1beta1/projects/859944783103/sites/clone-edd5b/versions/4702a52e33eaef71:populateFiles {"files":{"/asset-manifest.json":"db72452534c82aab11de9325498e4e1f6e320a8d1498debeab357f7be6c604fe","/index.html":"74ffc5a3c32f935695b9bf2b4e05b3180f6224e6001dba40e0dd6f4c365ce094","/favicon.ico":"87aecafb41d21ea93b7af81398237b980c43ee880676c78630ee2d1e9a6d711f","/logo192.png":"ebf380e341383bbf65d6a762603f630a9f7610c97f32bd297bc097635bc37ee3","/manifest.json":"aff3449bdc238776f5d6d967f19ec491b36aed5fb7f23ccff6500736fd58494a","/robots.txt":"5fcd5c559ded0c02b3ed7840ca3ee77e95b798730af98d9f18bc627ac898071e","/logo512.png":"c55d034d9cf7abfac7600919cbf4f4ce2f3ea3478df91d01177e8ff136f58918","/static/css/main.c1cc2251.css":"eff9efe50639f38c4eb29aabb69e0de749e70194fdc4ee55c2fea567c8785930","/static/js/787.402852f4.chunk.js":"0bad0ef274534c7d7752d7eefcb9fdddc9f3760dcd738f8ce07118a341c1fc8d","/static/css/main.c1cc2251.css.map":"6cb2b748652c3301c72dd35f466e285dfd1c9460a71c6fedaa7944e4ed46995b","/static/js/main.e4515212.js.LICENSE.txt":"d4b3d28b2f465058a6f7b760559499bd9e5ae08820d40f0903b458d8435c11c3","/static/js/787.402852f4.chunk.js.map":"13d611d2ac6001cdbaf8e116afeef234962cf174fe9edc9022bef38573f059e3","/static/js/main.e4515212.js":"b4e69cb183ccb788b6aa3b70aa03f6d67c24233172878854f865e48e5da850fd","/static/js/main.e4515212.js.map":"072c4db322a1973751f502df26a2612d8e33392376ed6de2b9e2270ca21a6661"}}
[debug] [2023-07-10T16:13:43.132Z] <<< [apiv2][status] POST https://firebasehosting.googleapis.com/v1beta1/projects/859944783103/sites/clone-edd5b/versions/4702a52e33eaef71:populateFiles 200
[debug] [2023-07-10T16:13:43.132Z] <<< [apiv2][body] POST https://firebasehosting.googleapis.com/v1beta1/projects/859944783103/sites/clone-edd5b/versions/4702a52e33eaef71:populateFiles {"uploadRequiredHashes":["13d611d2ac6001cdbaf8e116afeef234962cf174fe9edc9022bef38573f059e3","072c4db322a1973751f502df26a2612d8e33392376ed6de2b9e2270ca21a6661","0bad0ef274534c7d7752d7eefcb9fdddc9f3760dcd738f8ce07118a341c1fc8d","d4b3d28b2f465058a6f7b760559499bd9e5ae08820d40f0903b458d8435c11c3","db72452534c82aab11de9325498e4e1f6e320a8d1498debeab357f7be6c604fe","b4e69cb183ccb788b6aa3b70aa03f6d67c24233172878854f865e48e5da850fd","ebf380e341383bbf65d6a762603f630a9f7610c97f32bd297bc097635bc37ee3","c55d034d9cf7abfac7600919cbf4f4ce2f3ea3478df91d01177e8ff136f58918","6cb2b748652c3301c72dd35f466e285dfd1c9460a71c6fedaa7944e4ed46995b","74ffc5a3c32f935695b9bf2b4e05b3180f6224e6001dba40e0dd6f4c365ce094","eff9efe50639f38c4eb29aabb69e0de749e70194fdc4ee55c2fea567c8785930","aff3449bdc238776f5d6d967f19ec491b36aed5fb7f23ccff6500736fd58494a","87aecafb41d21ea93b7af81398237b980c43ee880676c78630ee2d1e9a6d711f","5fcd5c559ded0c02b3ed7840ca3ee77e95b798730af98d9f18bc627ac898071e"],"uploadUrl":"https://upload-firebasehosting.googleapis.com/upload/sites/clone-edd5b/versions/4702a52e33eaef71/files"}
[debug] [2023-07-10T16:13:43.134Z] >>> [apiv2][query] POST https://upload-firebasehosting.googleapis.com/upload/sites/clone-edd5b/versions/4702a52e33eaef71/files/13d611d2ac6001cdbaf8e116afeef234962cf174fe9edc9022bef38573f059e3 [none]
[debug] [2023-07-10T16:13:43.135Z] >>> [apiv2][body] POST https://upload-firebasehosting.googleapis.com/upload/sites/clone-edd5b/versions/4702a52e33eaef71/files/13d611d2ac6001cdbaf8e116afeef234962cf174fe9edc9022bef38573f059e3 [stream]
[debug] [2023-07-10T16:13:43.135Z] >>> [apiv2][query] POST https://upload-firebasehosting.googleapis.com/upload/sites/clone-edd5b/versions/4702a52e33eaef71/files/072c4db322a1973751f502df26a2612d8e33392376ed6de2b9e2270ca21a6661 [none]
[debug] [2023-07-10T16:13:43.136Z] >>> [apiv2][body] POST https://upload-firebasehosting.googleapis.com/upload/sites/clone-edd5b/versions/4702a52e33eaef71/files/072c4db322a1973751f502df26a2612d8e33392376ed6de2b9e2270ca21a6661 [stream]
[debug] [2023-07-10T16:13:43.136Z] >>> [apiv2][query] POST https://upload-firebasehosting.googleapis.com/upload/sites/clone-edd5b/versions/4702a52e33eaef71/files/0bad0ef274534c7d7752d7eefcb9fdddc9f3760dcd738f8ce07118a341c1fc8d [none]
[debug] [2023-07-10T16:13:43.136Z] >>> [apiv2][body] POST https://upload-firebasehosting.googleapis.com/upload/sites/clone-edd5b/versions/4702a52e33eaef71/files/0bad0ef274534c7d7752d7eefcb9fdddc9f3760dcd738f8ce07118a341c1fc8d [stream]
[debug] [2023-07-10T16:13:43.137Z] >>> [apiv2][query] POST https://upload-firebasehosting.googleapis.com/upload/sites/clone-edd5b/versions/4702a52e33eaef71/files/d4b3d28b2f465058a6f7b760559499bd9e5ae08820d40f0903b458d8435c11c3 [none]
[debug] [2023-07-10T16:13:43.137Z] >>> [apiv2][body] POST https://upload-firebasehosting.googleapis.com/upload/sites/clone-edd5b/versions/4702a52e33eaef71/files/d4b3d28b2f465058a6f7b760559499bd9e5ae08820d40f0903b458d8435c11c3 [stream]
[debug] [2023-07-10T16:13:43.138Z] >>> [apiv2][query] POST https://upload-firebasehosting.googleapis.com/upload/sites/clone-edd5b/versions/4702a52e33eaef71/files/db72452534c82aab11de9325498e4e1f6e320a8d1498debeab357f7be6c604fe [none]
[debug] [2023-07-10T16:13:43.138Z] >>> [apiv2][body] POST https://upload-firebasehosting.googleapis.com/upload/sites/clone-edd5b/versions/4702a52e33eaef71/files/db72452534c82aab11de9325498e4e1f6e320a8d1498debeab357f7be6c604fe [stream]
[debug] [2023-07-10T16:13:43.139Z] >>> [apiv2][query] POST https://upload-firebasehosting.googleapis.com/upload/sites/clone-edd5b/versions/4702a52e33eaef71/files/b4e69cb183ccb788b6aa3b70aa03f6d67c24233172878854f865e48e5da850fd [none]
[debug] [2023-07-10T16:13:43.139Z] >>> [apiv2][body] POST https://upload-firebasehosting.googleapis.com/upload/sites/clone-edd5b/versions/4702a52e33eaef71/files/b4e69cb183ccb788b6aa3b70aa03f6d67c24233172878854f865e48e5da850fd [stream]
[debug] [2023-07-10T16:13:43.140Z] >>> [apiv2][query] POST https://upload-firebasehosting.googleapis.com/upload/sites/clone-edd5b/versions/4702a52e33eaef71/files/ebf380e341383bbf65d6a762603f630a9f7610c97f32bd297bc097635bc37ee3 [none]
[debug] [2023-07-10T16:13:43.140Z] >>> [apiv2][body] POST https://upload-firebasehosting.googleapis.com/upload/sites/clone-edd5b/versions/4702a52e33eaef71/files/ebf380e341383bbf65d6a762603f630a9f7610c97f32bd297bc097635bc37ee3 [stream]
[debug] [2023-07-10T16:13:43.141Z] >>> [apiv2][query] POST https://upload-firebasehosting.googleapis.com/upload/sites/clone-edd5b/versions/4702a52e33eaef71/files/c55d034d9cf7abfac7600919cbf4f4ce2f3ea3478df91d01177e8ff136f58918 [none]
[debug] [2023-07-10T16:13:43.141Z] >>> [apiv2][body] POST https://upload-firebasehosting.googleapis.com/upload/sites/clone-edd5b/versions/4702a52e33eaef71/files/c55d034d9cf7abfac7600919cbf4f4ce2f3ea3478df91d01177e8ff136f58918 [stream]
[debug] [2023-07-10T16:13:43.142Z] >>> [apiv2][query] POST https://upload-firebasehosting.googleapis.com/upload/sites/clone-edd5b/versions/4702a52e33eaef71/files/6cb2b748652c3301c72dd35f466e285dfd1c9460a71c6fedaa7944e4ed46995b [none]
[debug] [2023-07-10T16:13:43.142Z] >>> [apiv2][body] POST https://upload-firebasehosting.googleapis.com/upload/sites/clone-edd5b/versions/4702a52e33eaef71/files/6cb2b748652c3301c72dd35f466e285dfd1c9460a71c6fedaa7944e4ed46995b [stream]
[debug] [2023-07-10T16:13:43.142Z] >>> [apiv2][query] POST https://upload-firebasehosting.googleapis.com/upload/sites/clone-edd5b/versions/4702a52e33eaef71/files/74ffc5a3c32f935695b9bf2b4e05b3180f6224e6001dba40e0dd6f4c365ce094 [none]
[debug] [2023-07-10T16:13:43.142Z] >>> [apiv2][body] POST https://upload-firebasehosting.googleapis.com/upload/sites/clone-edd5b/versions/4702a52e33eaef71/files/74ffc5a3c32f935695b9bf2b4e05b3180f6224e6001dba40e0dd6f4c365ce094 [stream]
[debug] [2023-07-10T16:13:43.143Z] >>> [apiv2][query] POST https://upload-firebasehosting.googleapis.com/upload/sites/clone-edd5b/versions/4702a52e33eaef71/files/eff9efe50639f38c4eb29aabb69e0de749e70194fdc4ee55c2fea567c8785930 [none]
[debug] [2023-07-10T16:13:43.143Z] >>> [apiv2][body] POST https://upload-firebasehosting.googleapis.com/upload/sites/clone-edd5b/versions/4702a52e33eaef71/files/eff9efe50639f38c4eb29aabb69e0de749e70194fdc4ee55c2fea567c8785930 [stream]
[debug] [2023-07-10T16:13:43.144Z] >>> [apiv2][query] POST https://upload-firebasehosting.googleapis.com/upload/sites/clone-edd5b/versions/4702a52e33eaef71/files/aff3449bdc238776f5d6d967f19ec491b36aed5fb7f23ccff6500736fd58494a [none]
[debug] [2023-07-10T16:13:43.144Z] >>> [apiv2][body] POST https://upload-firebasehosting.googleapis.com/upload/sites/clone-edd5b/versions/4702a52e33eaef71/files/aff3449bdc238776f5d6d967f19ec491b36aed5fb7f23ccff6500736fd58494a [stream]
[debug] [2023-07-10T16:13:43.145Z] >>> [apiv2][query] POST https://upload-firebasehosting.googleapis.com/upload/sites/clone-edd5b/versions/4702a52e33eaef71/files/87aecafb41d21ea93b7af81398237b980c43ee880676c78630ee2d1e9a6d711f [none]
[debug] [2023-07-10T16:13:43.145Z] >>> [apiv2][body] POST https://upload-firebasehosting.googleapis.com/upload/sites/clone-edd5b/versions/4702a52e33eaef71/files/87aecafb41d21ea93b7af81398237b980c43ee880676c78630ee2d1e9a6d711f [stream]
[debug] [2023-07-10T16:13:43.145Z] >>> [apiv2][query] POST https://upload-firebasehosting.googleapis.com/upload/sites/clone-edd5b/versions/4702a52e33eaef71/files/5fcd5c559ded0c02b3ed7840ca3ee77e95b798730af98d9f18bc627ac898071e [none]
[debug] [2023-07-10T16:13:43.145Z] >>> [apiv2][body] POST https://upload-firebasehosting.googleapis.com/upload/sites/clone-edd5b/versions/4702a52e33eaef71/files/5fcd5c559ded0c02b3ed7840ca3ee77e95b798730af98d9f18bc627ac898071e [stream]
[debug] [2023-07-10T16:13:43.146Z] [hosting][populate queue][FINAL] {"max":726,"min":726,"avg":726,"active":0,"complete":1,"success":1,"errored":0,"retried":0,"total":1,"elapsed":738}
[debug] [2023-07-10T16:13:43.146Z] [hosting] uploads queued: 14
[debug] [2023-07-10T16:13:43.732Z] <<< [apiv2][status] POST https://upload-firebasehosting.googleapis.com/upload/sites/clone-edd5b/versions/4702a52e33eaef71/files/87aecafb41d21ea93b7af81398237b980c43ee880676c78630ee2d1e9a6d711f 200
[debug] [2023-07-10T16:13:43.732Z] <<< [apiv2][body] POST https://upload-firebasehosting.googleapis.com/upload/sites/clone-edd5b/versions/4702a52e33eaef71/files/87aecafb41d21ea93b7af81398237b980c43ee880676c78630ee2d1e9a6d711f [stream]
[debug] [2023-07-10T16:13:43.744Z] <<< [apiv2][status] POST https://upload-firebasehosting.googleapis.com/upload/sites/clone-edd5b/versions/4702a52e33eaef71/files/c55d034d9cf7abfac7600919cbf4f4ce2f3ea3478df91d01177e8ff136f58918 200
[debug] [2023-07-10T16:13:43.744Z] <<< [apiv2][body] POST https://upload-firebasehosting.googleapis.com/upload/sites/clone-edd5b/versions/4702a52e33eaef71/files/c55d034d9cf7abfac7600919cbf4f4ce2f3ea3478df91d01177e8ff136f58918 [stream]
[debug] [2023-07-10T16:13:43.745Z] <<< [apiv2][status] POST https://upload-firebasehosting.googleapis.com/upload/sites/clone-edd5b/versions/4702a52e33eaef71/files/d4b3d28b2f465058a6f7b760559499bd9e5ae08820d40f0903b458d8435c11c3 200
[debug] [2023-07-10T16:13:43.745Z] <<< [apiv2][body] POST https://upload-firebasehosting.googleapis.com/upload/sites/clone-edd5b/versions/4702a52e33eaef71/files/d4b3d28b2f465058a6f7b760559499bd9e5ae08820d40f0903b458d8435c11c3 [stream]
[debug] [2023-07-10T16:13:43.780Z] <<< [apiv2][status] POST https://upload-firebasehosting.googleapis.com/upload/sites/clone-edd5b/versions/4702a52e33eaef71/files/aff3449bdc238776f5d6d967f19ec491b36aed5fb7f23ccff6500736fd58494a 200
[debug] [2023-07-10T16:13:43.780Z] <<< [apiv2][body] POST https://upload-firebasehosting.googleapis.com/upload/sites/clone-edd5b/versions/4702a52e33eaef71/files/aff3449bdc238776f5d6d967f19ec491b36aed5fb7f23ccff6500736fd58494a [stream]
[debug] [2023-07-10T16:13:43.831Z] <<< [apiv2][status] POST https://upload-firebasehosting.googleapis.com/upload/sites/clone-edd5b/versions/4702a52e33eaef71/files/13d611d2ac6001cdbaf8e116afeef234962cf174fe9edc9022bef38573f059e3 200
[debug] [2023-07-10T16:13:43.831Z] <<< [apiv2][body] POST https://upload-firebasehosting.googleapis.com/upload/sites/clone-edd5b/versions/4702a52e33eaef71/files/13d611d2ac6001cdbaf8e116afeef234962cf174fe9edc9022bef38573f059e3 [stream]
[debug] [2023-07-10T16:13:43.831Z] <<< [apiv2][status] POST https://upload-firebasehosting.googleapis.com/upload/sites/clone-edd5b/versions/4702a52e33eaef71/files/ebf380e341383bbf65d6a762603f630a9f7610c97f32bd297bc097635bc37ee3 200
[debug] [2023-07-10T16:13:43.832Z] <<< [apiv2][body] POST https://upload-firebasehosting.googleapis.com/upload/sites/clone-edd5b/versions/4702a52e33eaef71/files/ebf380e341383bbf65d6a762603f630a9f7610c97f32bd297bc097635bc37ee3 [stream]
[debug] [2023-07-10T16:13:43.843Z] <<< [apiv2][status] POST https://upload-firebasehosting.googleapis.com/upload/sites/clone-edd5b/versions/4702a52e33eaef71/files/0bad0ef274534c7d7752d7eefcb9fdddc9f3760dcd738f8ce07118a341c1fc8d 200
[debug] [2023-07-10T16:13:43.843Z] <<< [apiv2][body] POST https://upload-firebasehosting.googleapis.com/upload/sites/clone-edd5b/versions/4702a52e33eaef71/files/0bad0ef274534c7d7752d7eefcb9fdddc9f3760dcd738f8ce07118a341c1fc8d [stream]
[debug] [2023-07-10T16:13:43.846Z] <<< [apiv2][status] POST https://upload-firebasehosting.googleapis.com/upload/sites/clone-edd5b/versions/4702a52e33eaef71/files/5fcd5c559ded0c02b3ed7840ca3ee77e95b798730af98d9f18bc627ac898071e 200
[debug] [2023-07-10T16:13:43.846Z] <<< [apiv2][body] POST https://upload-firebasehosting.googleapis.com/upload/sites/clone-edd5b/versions/4702a52e33eaef71/files/5fcd5c559ded0c02b3ed7840ca3ee77e95b798730af98d9f18bc627ac898071e [stream]
[debug] [2023-07-10T16:13:43.918Z] <<< [apiv2][status] POST https://upload-firebasehosting.googleapis.com/upload/sites/clone-edd5b/versions/4702a52e33eaef71/files/eff9efe50639f38c4eb29aabb69e0de749e70194fdc4ee55c2fea567c8785930 200
[debug] [2023-07-10T16:13:43.919Z] <<< [apiv2][body] POST https://upload-firebasehosting.googleapis.com/upload/sites/clone-edd5b/versions/4702a52e33eaef71/files/eff9efe50639f38c4eb29aabb69e0de749e70194fdc4ee55c2fea567c8785930 [stream]
[debug] [2023-07-10T16:13:43.941Z] <<< [apiv2][status] POST https://upload-firebasehosting.googleapis.com/upload/sites/clone-edd5b/versions/4702a52e33eaef71/files/6cb2b748652c3301c72dd35f466e285dfd1c9460a71c6fedaa7944e4ed46995b 200
[debug] [2023-07-10T16:13:43.941Z] <<< [apiv2][body] POST https://upload-firebasehosting.googleapis.com/upload/sites/clone-edd5b/versions/4702a52e33eaef71/files/6cb2b748652c3301c72dd35f466e285dfd1c9460a71c6fedaa7944e4ed46995b [stream]
[debug] [2023-07-10T16:13:43.948Z] <<< [apiv2][status] POST https://upload-firebasehosting.googleapis.com/upload/sites/clone-edd5b/versions/4702a52e33eaef71/files/db72452534c82aab11de9325498e4e1f6e320a8d1498debeab357f7be6c604fe 200
[debug] [2023-07-10T16:13:43.948Z] <<< [apiv2][body] POST https://upload-firebasehosting.googleapis.com/upload/sites/clone-edd5b/versions/4702a52e33eaef71/files/db72452534c82aab11de9325498e4e1f6e320a8d1498debeab357f7be6c604fe [stream]
[debug] [2023-07-10T16:13:44.088Z] <<< [apiv2][status] POST https://upload-firebasehosting.googleapis.com/upload/sites/clone-edd5b/versions/4702a52e33eaef71/files/b4e69cb183ccb788b6aa3b70aa03f6d67c24233172878854f865e48e5da850fd 200
[debug] [2023-07-10T16:13:44.088Z] <<< [apiv2][body] POST https://upload-firebasehosting.googleapis.com/upload/sites/clone-edd5b/versions/4702a52e33eaef71/files/b4e69cb183ccb788b6aa3b70aa03f6d67c24233172878854f865e48e5da850fd [stream]
[debug] [2023-07-10T16:13:44.393Z] <<< [apiv2][status] POST https://upload-firebasehosting.googleapis.com/upload/sites/clone-edd5b/versions/4702a52e33eaef71/files/072c4db322a1973751f502df26a2612d8e33392376ed6de2b9e2270ca21a6661 200
[debug] [2023-07-10T16:13:44.393Z] <<< [apiv2][body] POST https://upload-firebasehosting.googleapis.com/upload/sites/clone-edd5b/versions/4702a52e33eaef71/files/072c4db322a1973751f502df26a2612d8e33392376ed6de2b9e2270ca21a6661 [stream]
[debug] [2023-07-10T16:13:44.424Z] <<< [apiv2][status] POST https://upload-firebasehosting.googleapis.com/upload/sites/clone-edd5b/versions/4702a52e33eaef71/files/74ffc5a3c32f935695b9bf2b4e05b3180f6224e6001dba40e0dd6f4c365ce094 200
[debug] [2023-07-10T16:13:44.424Z] <<< [apiv2][body] POST https://upload-firebasehosting.googleapis.com/upload/sites/clone-edd5b/versions/4702a52e33eaef71/files/74ffc5a3c32f935695b9bf2b4e05b3180f6224e6001dba40e0dd6f4c365ce094 [stream]
[debug] [2023-07-10T16:13:44.424Z] [hosting][upload queue][FINAL] {"max":1290,"min":598,"avg":799.7857142857143,"active":0,"complete":14,"success":14,"errored":0,"retried":0,"total":14,"elapsed":1291}
[info] +  hosting[clone-edd5b]: file upload complete 
[debug] [2023-07-10T16:13:44.425Z] [hosting] deploy completed after 2536ms
[debug] [2023-07-10T16:13:44.425Z] [
  {
    "config": {
      "public": "build",
      "ignore": [
        "firebase.json",
        "**/.*",
        "**/node_modules/**"
      ],
      "rewrites": [
        {
          "source": "**",
          "destination": "/index.html"
        }
      ],
      "site": "clone-edd5b"
    },
    "version": "projects/859944783103/sites/clone-edd5b/versions/4702a52e33eaef71"
  }
]
[info] i  hosting[clone-edd5b]: finalizing version... 
[debug] [2023-07-10T16:13:44.427Z] >>> [apiv2][query] PATCH https://firebasehosting.googleapis.com/v1beta1/projects/-/sites/clone-edd5b/versions/4702a52e33eaef71 updateMask=status%2Cconfig
[debug] [2023-07-10T16:13:44.427Z] >>> [apiv2][body] PATCH https://firebasehosting.googleapis.com/v1beta1/projects/-/sites/clone-edd5b/versions/4702a52e33eaef71 {"status":"FINALIZED","config":{"rewrites":[{"glob":"**","path":"/index.html"}]}}
[debug] [2023-07-10T16:13:45.073Z] <<< [apiv2][status] PATCH https://firebasehosting.googleapis.com/v1beta1/projects/-/sites/clone-edd5b/versions/4702a52e33eaef71 200
[debug] [2023-07-10T16:13:45.073Z] <<< [apiv2][body] PATCH https://firebasehosting.googleapis.com/v1beta1/projects/-/sites/clone-edd5b/versions/4702a52e33eaef71 {"name":"projects/859944783103/sites/clone-edd5b/versions/4702a52e33eaef71","status":"FINALIZED","config":{"rewrites":[{"glob":"**","path":"/index.html"}]},"labels":{"deployment-tool":"cli-firebase"},"createTime":"2023-07-10T16:13:34.738093Z","createUser":{"email":"davidmollerb@gmail.com"},"finalizeTime":"2023-07-10T16:13:38.442449Z","finalizeUser":{"email":"davidmollerb@gmail.com"}}
[debug] [2023-07-10T16:13:45.073Z] [hosting] finalized version for clone-edd5b:[object Object]
[info] +  hosting[clone-edd5b]: version finalized 
[info] i  hosting[clone-edd5b]: releasing new version... 
[debug] [2023-07-10T16:13:45.074Z] >>> [apiv2][query] POST https://firebasehosting.googleapis.com/v1beta1/projects/-/sites/clone-edd5b/channels/live/releases versionName=projects%2F859944783103%2Fsites%2Fclone-edd5b%2Fversions%2F4702a52e33eaef71
[debug] [2023-07-10T16:13:45.074Z] >>> [apiv2][body] POST https://firebasehosting.googleapis.com/v1beta1/projects/-/sites/clone-edd5b/channels/live/releases {}
[debug] [2023-07-10T16:13:45.799Z] <<< [apiv2][status] POST https://firebasehosting.googleapis.com/v1beta1/projects/-/sites/clone-edd5b/channels/live/releases 200
[debug] [2023-07-10T16:13:45.799Z] <<< [apiv2][body] POST https://firebasehosting.googleapis.com/v1beta1/projects/-/sites/clone-edd5b/channels/live/releases {"name":"projects/859944783103/sites/clone-edd5b/channels/live/releases/1689005618582000","version":{"name":"projects/859944783103/sites/clone-edd5b/versions/4702a52e33eaef71","status":"FINALIZED","config":{"rewrites":[{"glob":"**","path":"/index.html"}]},"labels":{"deployment-tool":"cli-firebase"},"createTime":"2023-07-10T16:13:34.738093Z","createUser":{"email":"davidmollerb@gmail.com","imageUrl":"https://lh3.googleusercontent.com/a/AAcHTtfqtreLZ15ynz5H5kBw2DGPbf9MX03HQetLN8rbFT8c=mo"},"finalizeTime":"2023-07-10T16:13:38.442449Z","finalizeUser":{"email":"davidmollerb@gmail.com","imageUrl":"https://lh3.googleusercontent.com/a/AAcHTtfqtreLZ15ynz5H5kBw2DGPbf9MX03HQetLN8rbFT8c=mo"}},"type":"DEPLOY","releaseTime":"2023-07-10T16:13:38.582Z","releaseUser":{"email":"davidmollerb@gmail.com","imageUrl":"https://lh3.googleusercontent.com/a/AAcHTtfqtreLZ15ynz5H5kBw2DGPbf9MX03HQetLN8rbFT8c=mo"}}
[debug] [2023-07-10T16:13:45.799Z] [hosting] release: {"name":"projects/859944783103/sites/clone-edd5b/channels/live/releases/1689005618582000","version":{"name":"projects/859944783103/sites/clone-edd5b/versions/4702a52e33eaef71","status":"FINALIZED","config":{"rewrites":[{"glob":"**","path":"/index.html"}]},"labels":{"deployment-tool":"cli-firebase"},"createTime":"2023-07-10T16:13:34.738093Z","createUser":{"email":"davidmollerb@gmail.com","imageUrl":"https://lh3.googleusercontent.com/a/AAcHTtfqtreLZ15ynz5H5kBw2DGPbf9MX03HQetLN8rbFT8c=mo"},"finalizeTime":"2023-07-10T16:13:38.442449Z","finalizeUser":{"email":"davidmollerb@gmail.com","imageUrl":"https://lh3.googleusercontent.com/a/AAcHTtfqtreLZ15ynz5H5kBw2DGPbf9MX03HQetLN8rbFT8c=mo"}},"type":"DEPLOY","releaseTime":"2023-07-10T16:13:38.582Z","releaseUser":{"email":"davidmollerb@gmail.com","imageUrl":"https://lh3.googleusercontent.com/a/AAcHTtfqtreLZ15ynz5H5kBw2DGPbf9MX03HQetLN8rbFT8c=mo"}}
[info] +  hosting[clone-edd5b]: release complete 
[info] 
[info] +  Deploy complete! 
[info] 
[info] Project Console: https://console.firebase.google.com/project/clone-edd5b/overview
[info] Hosting URL: https://clone-edd5b.web.app
[debug] [2023-07-10T16:13:51.122Z] Error: Timed out.
    at Timeout._onTimeout (C:\Users\David Moller\AppData\Roaming\npm\node_modules\firebase-tools\lib\utils.js:254:49)
    at listOnTimeout (node:internal/timers:569:17)
    at process.processTimers (node:internal/timers:512:7)
[error] 
[error] Error: An unexpected error has occurred.
